{"/home/pangestu/dev/backend/src/events.js": {"path":"/home/pangestu/dev/backend/src/events.js","statementMap":{"0":{"start":{"line":4,"column":12},"end":{"line":4,"column":30}},"1":{"start":{"line":6,"column":0},"end":{"line":8,"column":2}},"2":{"start":{"line":13,"column":2},"end":{"line":17,"column":5}},"3":{"start":{"line":23,"column":17},"end":{"line":23,"column":50}},"4":{"start":{"line":26,"column":2},"end":{"line":37,"column":5}},"5":{"start":{"line":27,"column":17},"end":{"line":29,"column":5}},"6":{"start":{"line":30,"column":4},"end":{"line":36,"column":7}},"7":{"start":{"line":31,"column":6},"end":{"line":35,"column":7}},"8":{"start":{"line":32,"column":8},"end":{"line":32,"column":28}},"9":{"start":{"line":34,"column":8},"end":{"line":34,"column":20}},"10":{"start":{"line":41,"column":2},"end":{"line":80,"column":5}},"11":{"start":{"line":42,"column":13},"end":{"line":42,"column":22}},"12":{"start":{"line":43,"column":4},"end":{"line":79,"column":5}},"13":{"start":{"line":44,"column":19},"end":{"line":50,"column":7}},"14":{"start":{"line":51,"column":6},"end":{"line":59,"column":9}},"15":{"start":{"line":52,"column":8},"end":{"line":58,"column":9}},"16":{"start":{"line":54,"column":10},"end":{"line":54,"column":44}},"17":{"start":{"line":57,"column":10},"end":{"line":57,"column":22}},"18":{"start":{"line":61,"column":19},"end":{"line":71,"column":7}},"19":{"start":{"line":72,"column":6},"end":{"line":78,"column":9}},"20":{"start":{"line":73,"column":8},"end":{"line":77,"column":9}},"21":{"start":{"line":74,"column":10},"end":{"line":74,"column":44}},"22":{"start":{"line":76,"column":10},"end":{"line":76,"column":22}},"23":{"start":{"line":84,"column":2},"end":{"line":100,"column":5}},"24":{"start":{"line":85,"column":17},"end":{"line":90,"column":5}},"25":{"start":{"line":91,"column":4},"end":{"line":99,"column":7}},"26":{"start":{"line":92,"column":6},"end":{"line":98,"column":7}},"27":{"start":{"line":94,"column":8},"end":{"line":94,"column":35}},"28":{"start":{"line":97,"column":8},"end":{"line":97,"column":20}}},"fnMap":{"0":{"name":"getRawEvent","decl":{"start":{"line":25,"column":22},"end":{"line":25,"column":33}},"loc":{"start":{"line":25,"column":42},"end":{"line":38,"column":1}},"line":25},"1":{"name":"(anonymous_1)","decl":{"start":{"line":26,"column":21},"end":{"line":26,"column":22}},"loc":{"start":{"line":26,"column":42},"end":{"line":37,"column":3}},"line":26},"2":{"name":"(anonymous_2)","decl":{"start":{"line":30,"column":26},"end":{"line":30,"column":27}},"loc":{"start":{"line":30,"column":46},"end":{"line":36,"column":5}},"line":30},"3":{"name":"postEvent","decl":{"start":{"line":40,"column":22},"end":{"line":40,"column":31}},"loc":{"start":{"line":40,"column":40},"end":{"line":81,"column":1}},"line":40},"4":{"name":"(anonymous_4)","decl":{"start":{"line":41,"column":21},"end":{"line":41,"column":22}},"loc":{"start":{"line":41,"column":42},"end":{"line":80,"column":3}},"line":41},"5":{"name":"(anonymous_5)","decl":{"start":{"line":51,"column":27},"end":{"line":51,"column":28}},"loc":{"start":{"line":51,"column":47},"end":{"line":59,"column":7}},"line":51},"6":{"name":"(anonymous_6)","decl":{"start":{"line":72,"column":27},"end":{"line":72,"column":28}},"loc":{"start":{"line":72,"column":47},"end":{"line":78,"column":7}},"line":72},"7":{"name":"deleteRawEvent","decl":{"start":{"line":83,"column":22},"end":{"line":83,"column":36}},"loc":{"start":{"line":83,"column":45},"end":{"line":101,"column":1}},"line":83},"8":{"name":"(anonymous_8)","decl":{"start":{"line":84,"column":21},"end":{"line":84,"column":22}},"loc":{"start":{"line":84,"column":42},"end":{"line":100,"column":3}},"line":84},"9":{"name":"(anonymous_9)","decl":{"start":{"line":91,"column":28},"end":{"line":91,"column":29}},"loc":{"start":{"line":91,"column":48},"end":{"line":99,"column":5}},"line":91}},"branchMap":{"0":{"loc":{"start":{"line":31,"column":6},"end":{"line":35,"column":7}},"type":"if","locations":[{"start":{"line":31,"column":6},"end":{"line":35,"column":7}},{"start":{"line":31,"column":6},"end":{"line":35,"column":7}}],"line":31},"1":{"loc":{"start":{"line":43,"column":4},"end":{"line":79,"column":5}},"type":"if","locations":[{"start":{"line":43,"column":4},"end":{"line":79,"column":5}},{"start":{"line":43,"column":4},"end":{"line":79,"column":5}}],"line":43},"2":{"loc":{"start":{"line":52,"column":8},"end":{"line":58,"column":9}},"type":"if","locations":[{"start":{"line":52,"column":8},"end":{"line":58,"column":9}},{"start":{"line":52,"column":8},"end":{"line":58,"column":9}}],"line":52},"3":{"loc":{"start":{"line":73,"column":8},"end":{"line":77,"column":9}},"type":"if","locations":[{"start":{"line":73,"column":8},"end":{"line":77,"column":9}},{"start":{"line":73,"column":8},"end":{"line":77,"column":9}}],"line":73},"4":{"loc":{"start":{"line":92,"column":6},"end":{"line":98,"column":7}},"type":"if","locations":[{"start":{"line":92,"column":6},"end":{"line":98,"column":7}},{"start":{"line":92,"column":6},"end":{"line":98,"column":7}}],"line":92}},"s":{"0":2,"1":2,"2":2,"3":2,"4":2,"5":2,"6":2,"7":0,"8":0,"9":0,"10":3,"11":3,"12":3,"13":0,"14":0,"15":0,"16":0,"17":0,"18":3,"19":3,"20":0,"21":0,"22":0,"23":0,"24":0,"25":0,"26":0,"27":0,"28":0},"f":{"0":2,"1":2,"2":0,"3":3,"4":3,"5":0,"6":0,"7":0,"8":0,"9":0},"b":{"0":[0,0],"1":[0,3],"2":[0,0],"3":[0,0],"4":[0,0]},"_coverageSchema":"332fd63041d2c1bcb487cc26dd0d5f7d97098a6c","hash":"e888eb5998739ee79e68ff3e7e355c97d2a06712"}
,"/home/pangestu/dev/backend/src/handler.js": {"path":"/home/pangestu/dev/backend/src/handler.js","statementMap":{"0":{"start":{"line":6,"column":0},"end":{"line":8,"column":2}},"1":{"start":{"line":23,"column":17},"end":{"line":23,"column":50}},"2":{"start":{"line":28,"column":0},"end":{"line":135,"column":2}},"3":{"start":{"line":30,"column":2},"end":{"line":134,"column":3}},"4":{"start":{"line":32,"column":6},"end":{"line":40,"column":11}},"5":{"start":{"line":35,"column":10},"end":{"line":35,"column":33}},"6":{"start":{"line":39,"column":10},"end":{"line":39,"column":24}},"7":{"start":{"line":42,"column":6},"end":{"line":42,"column":12}},"8":{"start":{"line":45,"column":6},"end":{"line":53,"column":11}},"9":{"start":{"line":48,"column":10},"end":{"line":48,"column":33}},"10":{"start":{"line":52,"column":10},"end":{"line":52,"column":24}},"11":{"start":{"line":55,"column":6},"end":{"line":55,"column":12}},"12":{"start":{"line":58,"column":6},"end":{"line":66,"column":11}},"13":{"start":{"line":61,"column":10},"end":{"line":61,"column":33}},"14":{"start":{"line":65,"column":10},"end":{"line":65,"column":24}},"15":{"start":{"line":68,"column":6},"end":{"line":68,"column":12}},"16":{"start":{"line":71,"column":6},"end":{"line":77,"column":11}},"17":{"start":{"line":73,"column":10},"end":{"line":73,"column":33}},"18":{"start":{"line":76,"column":10},"end":{"line":76,"column":24}},"19":{"start":{"line":78,"column":6},"end":{"line":78,"column":12}},"20":{"start":{"line":81,"column":6},"end":{"line":87,"column":11}},"21":{"start":{"line":83,"column":10},"end":{"line":83,"column":33}},"22":{"start":{"line":86,"column":10},"end":{"line":86,"column":24}},"23":{"start":{"line":88,"column":6},"end":{"line":88,"column":12}},"24":{"start":{"line":91,"column":6},"end":{"line":97,"column":11}},"25":{"start":{"line":93,"column":10},"end":{"line":93,"column":33}},"26":{"start":{"line":96,"column":10},"end":{"line":96,"column":24}},"27":{"start":{"line":98,"column":6},"end":{"line":98,"column":12}},"28":{"start":{"line":101,"column":6},"end":{"line":107,"column":11}},"29":{"start":{"line":103,"column":10},"end":{"line":103,"column":33}},"30":{"start":{"line":106,"column":10},"end":{"line":106,"column":24}},"31":{"start":{"line":108,"column":6},"end":{"line":108,"column":12}},"32":{"start":{"line":111,"column":6},"end":{"line":117,"column":11}},"33":{"start":{"line":113,"column":10},"end":{"line":113,"column":33}},"34":{"start":{"line":116,"column":10},"end":{"line":116,"column":23}},"35":{"start":{"line":118,"column":6},"end":{"line":118,"column":12}},"36":{"start":{"line":121,"column":6},"end":{"line":127,"column":11}},"37":{"start":{"line":123,"column":10},"end":{"line":123,"column":33}},"38":{"start":{"line":126,"column":10},"end":{"line":126,"column":23}},"39":{"start":{"line":128,"column":6},"end":{"line":128,"column":12}},"40":{"start":{"line":131,"column":6},"end":{"line":131,"column":72}},"41":{"start":{"line":132,"column":6},"end":{"line":132,"column":12}}},"fnMap":{"0":{"name":"(anonymous_0)","decl":{"start":{"line":28,"column":25},"end":{"line":28,"column":26}},"loc":{"start":{"line":28,"column":55},"end":{"line":135,"column":1}},"line":28},"1":{"name":"(anonymous_1)","decl":{"start":{"line":33,"column":14},"end":{"line":33,"column":15}},"loc":{"start":{"line":33,"column":24},"end":{"line":36,"column":9}},"line":33},"2":{"name":"(anonymous_2)","decl":{"start":{"line":37,"column":15},"end":{"line":37,"column":16}},"loc":{"start":{"line":37,"column":22},"end":{"line":40,"column":9}},"line":37},"3":{"name":"(anonymous_3)","decl":{"start":{"line":46,"column":14},"end":{"line":46,"column":15}},"loc":{"start":{"line":46,"column":24},"end":{"line":49,"column":9}},"line":46},"4":{"name":"(anonymous_4)","decl":{"start":{"line":50,"column":15},"end":{"line":50,"column":16}},"loc":{"start":{"line":50,"column":22},"end":{"line":53,"column":9}},"line":50},"5":{"name":"(anonymous_5)","decl":{"start":{"line":59,"column":14},"end":{"line":59,"column":15}},"loc":{"start":{"line":59,"column":24},"end":{"line":62,"column":9}},"line":59},"6":{"name":"(anonymous_6)","decl":{"start":{"line":63,"column":15},"end":{"line":63,"column":16}},"loc":{"start":{"line":63,"column":22},"end":{"line":66,"column":9}},"line":63},"7":{"name":"(anonymous_7)","decl":{"start":{"line":72,"column":14},"end":{"line":72,"column":15}},"loc":{"start":{"line":72,"column":24},"end":{"line":74,"column":9}},"line":72},"8":{"name":"(anonymous_8)","decl":{"start":{"line":75,"column":15},"end":{"line":75,"column":16}},"loc":{"start":{"line":75,"column":22},"end":{"line":77,"column":9}},"line":75},"9":{"name":"(anonymous_9)","decl":{"start":{"line":82,"column":14},"end":{"line":82,"column":15}},"loc":{"start":{"line":82,"column":24},"end":{"line":84,"column":9}},"line":82},"10":{"name":"(anonymous_10)","decl":{"start":{"line":85,"column":15},"end":{"line":85,"column":16}},"loc":{"start":{"line":85,"column":22},"end":{"line":87,"column":9}},"line":85},"11":{"name":"(anonymous_11)","decl":{"start":{"line":92,"column":14},"end":{"line":92,"column":15}},"loc":{"start":{"line":92,"column":24},"end":{"line":94,"column":9}},"line":92},"12":{"name":"(anonymous_12)","decl":{"start":{"line":95,"column":15},"end":{"line":95,"column":16}},"loc":{"start":{"line":95,"column":22},"end":{"line":97,"column":9}},"line":95},"13":{"name":"(anonymous_13)","decl":{"start":{"line":102,"column":14},"end":{"line":102,"column":15}},"loc":{"start":{"line":102,"column":24},"end":{"line":104,"column":9}},"line":102},"14":{"name":"(anonymous_14)","decl":{"start":{"line":105,"column":15},"end":{"line":105,"column":16}},"loc":{"start":{"line":105,"column":22},"end":{"line":107,"column":9}},"line":105},"15":{"name":"(anonymous_15)","decl":{"start":{"line":112,"column":14},"end":{"line":112,"column":15}},"loc":{"start":{"line":112,"column":24},"end":{"line":114,"column":9}},"line":112},"16":{"name":"(anonymous_16)","decl":{"start":{"line":115,"column":15},"end":{"line":115,"column":16}},"loc":{"start":{"line":115,"column":22},"end":{"line":117,"column":9}},"line":115},"17":{"name":"(anonymous_17)","decl":{"start":{"line":122,"column":14},"end":{"line":122,"column":15}},"loc":{"start":{"line":122,"column":24},"end":{"line":124,"column":9}},"line":122},"18":{"name":"(anonymous_18)","decl":{"start":{"line":125,"column":15},"end":{"line":125,"column":16}},"loc":{"start":{"line":125,"column":22},"end":{"line":127,"column":9}},"line":125}},"branchMap":{"0":{"loc":{"start":{"line":30,"column":2},"end":{"line":134,"column":3}},"type":"switch","locations":[{"start":{"line":31,"column":4},"end":{"line":43,"column":5}},{"start":{"line":44,"column":4},"end":{"line":56,"column":5}},{"start":{"line":57,"column":4},"end":{"line":69,"column":5}},{"start":{"line":70,"column":4},"end":{"line":79,"column":5}},{"start":{"line":80,"column":4},"end":{"line":89,"column":5}},{"start":{"line":90,"column":4},"end":{"line":99,"column":5}},{"start":{"line":100,"column":4},"end":{"line":109,"column":5}},{"start":{"line":110,"column":4},"end":{"line":119,"column":5}},{"start":{"line":120,"column":4},"end":{"line":129,"column":5}},{"start":{"line":130,"column":4},"end":{"line":133,"column":5}}],"line":30}},"s":{"0":1,"1":1,"2":1,"3":4,"4":1,"5":0,"6":0,"7":1,"8":2,"9":0,"10":0,"11":2,"12":0,"13":0,"14":0,"15":0,"16":0,"17":0,"18":0,"19":0,"20":0,"21":0,"22":0,"23":0,"24":0,"25":0,"26":0,"27":0,"28":0,"29":0,"30":0,"31":0,"32":0,"33":0,"34":0,"35":0,"36":0,"37":0,"38":0,"39":0,"40":1,"41":1},"f":{"0":4,"1":0,"2":0,"3":0,"4":0,"5":0,"6":0,"7":0,"8":0,"9":0,"10":0,"11":0,"12":0,"13":0,"14":0,"15":0,"16":0,"17":0,"18":0},"b":{"0":[1,2,0,0,0,0,0,0,0,1]},"_coverageSchema":"332fd63041d2c1bcb487cc26dd0d5f7d97098a6c","hash":"fe0a3d55302ea3296b0f766e50669156271ce941"}
,"/home/pangestu/dev/backend/src/places.js": {"path":"/home/pangestu/dev/backend/src/places.js","statementMap":{"0":{"start":{"line":6,"column":0},"end":{"line":8,"column":2}},"1":{"start":{"line":24,"column":17},"end":{"line":24,"column":50}},"2":{"start":{"line":27,"column":2},"end":{"line":54,"column":5}},"3":{"start":{"line":28,"column":17},"end":{"line":33,"column":5}},"4":{"start":{"line":34,"column":4},"end":{"line":34,"column":33}},"5":{"start":{"line":35,"column":4},"end":{"line":53,"column":7}},"6":{"start":{"line":36,"column":6},"end":{"line":52,"column":7}},"7":{"start":{"line":37,"column":8},"end":{"line":37,"column":30}},"8":{"start":{"line":38,"column":8},"end":{"line":49,"column":10}},"9":{"start":{"line":46,"column":12},"end":{"line":46,"column":41}},"10":{"start":{"line":47,"column":12},"end":{"line":47,"column":30}},"11":{"start":{"line":51,"column":8},"end":{"line":51,"column":20}},"12":{"start":{"line":57,"column":2},"end":{"line":82,"column":5}},"13":{"start":{"line":58,"column":13},"end":{"line":58,"column":22}},"14":{"start":{"line":59,"column":17},"end":{"line":68,"column":5}},"15":{"start":{"line":69,"column":4},"end":{"line":81,"column":7}},"16":{"start":{"line":70,"column":6},"end":{"line":80,"column":7}},"17":{"start":{"line":71,"column":8},"end":{"line":77,"column":11}},"18":{"start":{"line":79,"column":8},"end":{"line":79,"column":20}},"19":{"start":{"line":85,"column":2},"end":{"line":121,"column":5}},"20":{"start":{"line":86,"column":13},"end":{"line":86,"column":22}},"21":{"start":{"line":87,"column":17},"end":{"line":92,"column":5}},"22":{"start":{"line":93,"column":4},"end":{"line":120,"column":7}},"23":{"start":{"line":94,"column":6},"end":{"line":119,"column":7}},"24":{"start":{"line":95,"column":26},"end":{"line":109,"column":9}},"25":{"start":{"line":110,"column":8},"end":{"line":116,"column":11}},"26":{"start":{"line":111,"column":10},"end":{"line":115,"column":11}},"27":{"start":{"line":112,"column":12},"end":{"line":112,"column":28}},"28":{"start":{"line":114,"column":12},"end":{"line":114,"column":24}},"29":{"start":{"line":118,"column":8},"end":{"line":118,"column":20}},"30":{"start":{"line":124,"column":2},"end":{"line":140,"column":5}},"31":{"start":{"line":125,"column":19},"end":{"line":130,"column":5}},"32":{"start":{"line":131,"column":4},"end":{"line":139,"column":7}},"33":{"start":{"line":132,"column":6},"end":{"line":138,"column":7}},"34":{"start":{"line":133,"column":8},"end":{"line":135,"column":11}},"35":{"start":{"line":137,"column":8},"end":{"line":137,"column":20}},"36":{"start":{"line":143,"column":2},"end":{"line":166,"column":5}},"37":{"start":{"line":144,"column":17},"end":{"line":146,"column":5}},"38":{"start":{"line":147,"column":4},"end":{"line":165,"column":7}},"39":{"start":{"line":148,"column":6},"end":{"line":164,"column":7}},"40":{"start":{"line":149,"column":22},"end":{"line":149,"column":23}},"41":{"start":{"line":150,"column":8},"end":{"line":161,"column":10}},"42":{"start":{"line":151,"column":10},"end":{"line":159,"column":12}},"43":{"start":{"line":152,"column":12},"end":{"line":152,"column":21}},"44":{"start":{"line":153,"column":12},"end":{"line":155,"column":13}},"45":{"start":{"line":154,"column":15},"end":{"line":154,"column":42}},"46":{"start":{"line":156,"column":12},"end":{"line":158,"column":13}},"47":{"start":{"line":157,"column":14},"end":{"line":157,"column":34}},"48":{"start":{"line":163,"column":8},"end":{"line":163,"column":20}},"49":{"start":{"line":169,"column":2},"end":{"line":195,"column":5}},"50":{"start":{"line":170,"column":17},"end":{"line":172,"column":5}},"51":{"start":{"line":173,"column":4},"end":{"line":194,"column":7}},"52":{"start":{"line":174,"column":6},"end":{"line":193,"column":7}},"53":{"start":{"line":175,"column":22},"end":{"line":175,"column":23}},"54":{"start":{"line":176,"column":25},"end":{"line":178,"column":10}},"55":{"start":{"line":177,"column":10},"end":{"line":177,"column":40}},"56":{"start":{"line":179,"column":8},"end":{"line":190,"column":10}},"57":{"start":{"line":180,"column":10},"end":{"line":188,"column":12}},"58":{"start":{"line":181,"column":12},"end":{"line":181,"column":21}},"59":{"start":{"line":182,"column":12},"end":{"line":184,"column":13}},"60":{"start":{"line":183,"column":15},"end":{"line":183,"column":42}},"61":{"start":{"line":185,"column":12},"end":{"line":187,"column":13}},"62":{"start":{"line":186,"column":14},"end":{"line":186,"column":34}},"63":{"start":{"line":192,"column":8},"end":{"line":192,"column":20}}},"fnMap":{"0":{"name":"getRawPlace","decl":{"start":{"line":26,"column":22},"end":{"line":26,"column":33}},"loc":{"start":{"line":26,"column":42},"end":{"line":55,"column":1}},"line":26},"1":{"name":"(anonymous_1)","decl":{"start":{"line":27,"column":21},"end":{"line":27,"column":22}},"loc":{"start":{"line":27,"column":42},"end":{"line":54,"column":3}},"line":27},"2":{"name":"(anonymous_2)","decl":{"start":{"line":35,"column":25},"end":{"line":35,"column":26}},"loc":{"start":{"line":35,"column":45},"end":{"line":53,"column":5}},"line":35},"3":{"name":"(anonymous_3)","decl":{"start":{"line":45,"column":10},"end":{"line":45,"column":11}},"loc":{"start":{"line":45,"column":32},"end":{"line":48,"column":11}},"line":45},"4":{"name":"postPlace","decl":{"start":{"line":56,"column":22},"end":{"line":56,"column":31}},"loc":{"start":{"line":56,"column":40},"end":{"line":83,"column":1}},"line":56},"5":{"name":"(anonymous_5)","decl":{"start":{"line":57,"column":21},"end":{"line":57,"column":22}},"loc":{"start":{"line":57,"column":42},"end":{"line":82,"column":3}},"line":57},"6":{"name":"(anonymous_6)","decl":{"start":{"line":69,"column":25},"end":{"line":69,"column":26}},"loc":{"start":{"line":69,"column":45},"end":{"line":81,"column":5}},"line":69},"7":{"name":"updateRawPlace","decl":{"start":{"line":84,"column":22},"end":{"line":84,"column":36}},"loc":{"start":{"line":84,"column":45},"end":{"line":122,"column":1}},"line":84},"8":{"name":"(anonymous_8)","decl":{"start":{"line":85,"column":21},"end":{"line":85,"column":22}},"loc":{"start":{"line":85,"column":42},"end":{"line":121,"column":3}},"line":85},"9":{"name":"(anonymous_9)","decl":{"start":{"line":93,"column":25},"end":{"line":93,"column":26}},"loc":{"start":{"line":93,"column":45},"end":{"line":120,"column":5}},"line":93},"10":{"name":"(anonymous_10)","decl":{"start":{"line":110,"column":34},"end":{"line":110,"column":35}},"loc":{"start":{"line":110,"column":56},"end":{"line":116,"column":9}},"line":110},"11":{"name":"deleteRawPlace","decl":{"start":{"line":123,"column":22},"end":{"line":123,"column":36}},"loc":{"start":{"line":123,"column":45},"end":{"line":141,"column":1}},"line":123},"12":{"name":"(anonymous_12)","decl":{"start":{"line":124,"column":21},"end":{"line":124,"column":22}},"loc":{"start":{"line":124,"column":42},"end":{"line":140,"column":3}},"line":124},"13":{"name":"(anonymous_13)","decl":{"start":{"line":131,"column":28},"end":{"line":131,"column":29}},"loc":{"start":{"line":131,"column":48},"end":{"line":139,"column":5}},"line":131},"14":{"name":"getAllPlaceRawByEvenId","decl":{"start":{"line":142,"column":22},"end":{"line":142,"column":44}},"loc":{"start":{"line":142,"column":53},"end":{"line":167,"column":1}},"line":142},"15":{"name":"(anonymous_15)","decl":{"start":{"line":143,"column":21},"end":{"line":143,"column":22}},"loc":{"start":{"line":143,"column":42},"end":{"line":166,"column":3}},"line":143},"16":{"name":"(anonymous_16)","decl":{"start":{"line":147,"column":26},"end":{"line":147,"column":27}},"loc":{"start":{"line":147,"column":46},"end":{"line":165,"column":5}},"line":147},"17":{"name":"(anonymous_17)","decl":{"start":{"line":150,"column":27},"end":{"line":150,"column":28}},"loc":{"start":{"line":150,"column":37},"end":{"line":161,"column":9}},"line":150},"18":{"name":"(anonymous_18)","decl":{"start":{"line":151,"column":74},"end":{"line":151,"column":75}},"loc":{"start":{"line":151,"column":99},"end":{"line":159,"column":11}},"line":151},"19":{"name":"getAllRawPlaceByEventId","decl":{"start":{"line":168,"column":22},"end":{"line":168,"column":45}},"loc":{"start":{"line":168,"column":54},"end":{"line":196,"column":1}},"line":168},"20":{"name":"(anonymous_20)","decl":{"start":{"line":169,"column":21},"end":{"line":169,"column":22}},"loc":{"start":{"line":169,"column":42},"end":{"line":195,"column":3}},"line":169},"21":{"name":"(anonymous_21)","decl":{"start":{"line":173,"column":26},"end":{"line":173,"column":27}},"loc":{"start":{"line":173,"column":46},"end":{"line":194,"column":5}},"line":173},"22":{"name":"(anonymous_22)","decl":{"start":{"line":176,"column":43},"end":{"line":176,"column":44}},"loc":{"start":{"line":176,"column":51},"end":{"line":178,"column":9}},"line":176},"23":{"name":"(anonymous_23)","decl":{"start":{"line":179,"column":27},"end":{"line":179,"column":28}},"loc":{"start":{"line":179,"column":37},"end":{"line":190,"column":9}},"line":179},"24":{"name":"(anonymous_24)","decl":{"start":{"line":180,"column":74},"end":{"line":180,"column":75}},"loc":{"start":{"line":180,"column":99},"end":{"line":188,"column":11}},"line":180}},"branchMap":{"0":{"loc":{"start":{"line":36,"column":6},"end":{"line":52,"column":7}},"type":"if","locations":[{"start":{"line":36,"column":6},"end":{"line":52,"column":7}},{"start":{"line":36,"column":6},"end":{"line":52,"column":7}}],"line":36},"1":{"loc":{"start":{"line":70,"column":6},"end":{"line":80,"column":7}},"type":"if","locations":[{"start":{"line":70,"column":6},"end":{"line":80,"column":7}},{"start":{"line":70,"column":6},"end":{"line":80,"column":7}}],"line":70},"2":{"loc":{"start":{"line":94,"column":6},"end":{"line":119,"column":7}},"type":"if","locations":[{"start":{"line":94,"column":6},"end":{"line":119,"column":7}},{"start":{"line":94,"column":6},"end":{"line":119,"column":7}}],"line":94},"3":{"loc":{"start":{"line":103,"column":26},"end":{"line":103,"column":56}},"type":"binary-expr","locations":[{"start":{"line":103,"column":26},"end":{"line":103,"column":43}},{"start":{"line":103,"column":47},"end":{"line":103,"column":56}}],"line":103},"4":{"loc":{"start":{"line":104,"column":27},"end":{"line":104,"column":69}},"type":"binary-expr","locations":[{"start":{"line":104,"column":27},"end":{"line":104,"column":50}},{"start":{"line":104,"column":54},"end":{"line":104,"column":69}}],"line":104},"5":{"loc":{"start":{"line":105,"column":26},"end":{"line":105,"column":66}},"type":"binary-expr","locations":[{"start":{"line":105,"column":26},"end":{"line":105,"column":48}},{"start":{"line":105,"column":52},"end":{"line":105,"column":66}}],"line":105},"6":{"loc":{"start":{"line":106,"column":24},"end":{"line":106,"column":60}},"type":"binary-expr","locations":[{"start":{"line":106,"column":24},"end":{"line":106,"column":44}},{"start":{"line":106,"column":48},"end":{"line":106,"column":60}}],"line":106},"7":{"loc":{"start":{"line":111,"column":10},"end":{"line":115,"column":11}},"type":"if","locations":[{"start":{"line":111,"column":10},"end":{"line":115,"column":11}},{"start":{"line":111,"column":10},"end":{"line":115,"column":11}}],"line":111},"8":{"loc":{"start":{"line":132,"column":6},"end":{"line":138,"column":7}},"type":"if","locations":[{"start":{"line":132,"column":6},"end":{"line":138,"column":7}},{"start":{"line":132,"column":6},"end":{"line":138,"column":7}}],"line":132},"9":{"loc":{"start":{"line":148,"column":6},"end":{"line":164,"column":7}},"type":"if","locations":[{"start":{"line":148,"column":6},"end":{"line":164,"column":7}},{"start":{"line":148,"column":6},"end":{"line":164,"column":7}}],"line":148},"10":{"loc":{"start":{"line":153,"column":12},"end":{"line":155,"column":13}},"type":"if","locations":[{"start":{"line":153,"column":12},"end":{"line":155,"column":13}},{"start":{"line":153,"column":12},"end":{"line":155,"column":13}}],"line":153},"11":{"loc":{"start":{"line":156,"column":12},"end":{"line":158,"column":13}},"type":"if","locations":[{"start":{"line":156,"column":12},"end":{"line":158,"column":13}},{"start":{"line":156,"column":12},"end":{"line":158,"column":13}}],"line":156},"12":{"loc":{"start":{"line":174,"column":6},"end":{"line":193,"column":7}},"type":"if","locations":[{"start":{"line":174,"column":6},"end":{"line":193,"column":7}},{"start":{"line":174,"column":6},"end":{"line":193,"column":7}}],"line":174},"13":{"loc":{"start":{"line":182,"column":12},"end":{"line":184,"column":13}},"type":"if","locations":[{"start":{"line":182,"column":12},"end":{"line":184,"column":13}},{"start":{"line":182,"column":12},"end":{"line":184,"column":13}}],"line":182},"14":{"loc":{"start":{"line":185,"column":12},"end":{"line":187,"column":13}},"type":"if","locations":[{"start":{"line":185,"column":12},"end":{"line":187,"column":13}},{"start":{"line":185,"column":12},"end":{"line":187,"column":13}}],"line":185}},"s":{"0":1,"1":1,"2":0,"3":0,"4":0,"5":0,"6":0,"7":0,"8":0,"9":0,"10":0,"11":0,"12":0,"13":0,"14":0,"15":0,"16":0,"17":0,"18":0,"19":0,"20":0,"21":0,"22":0,"23":0,"24":0,"25":0,"26":0,"27":0,"28":0,"29":0,"30":0,"31":0,"32":0,"33":0,"34":0,"35":0,"36":0,"37":0,"38":0,"39":0,"40":0,"41":0,"42":0,"43":0,"44":0,"45":0,"46":0,"47":0,"48":0,"49":0,"50":0,"51":0,"52":0,"53":0,"54":0,"55":0,"56":0,"57":0,"58":0,"59":0,"60":0,"61":0,"62":0,"63":0},"f":{"0":0,"1":0,"2":0,"3":0,"4":0,"5":0,"6":0,"7":0,"8":0,"9":0,"10":0,"11":0,"12":0,"13":0,"14":0,"15":0,"16":0,"17":0,"18":0,"19":0,"20":0,"21":0,"22":0,"23":0,"24":0},"b":{"0":[0,0],"1":[0,0],"2":[0,0],"3":[0,0],"4":[0,0],"5":[0,0],"6":[0,0],"7":[0,0],"8":[0,0],"9":[0,0],"10":[0,0],"11":[0,0],"12":[0,0],"13":[0,0],"14":[0,0]},"_coverageSchema":"332fd63041d2c1bcb487cc26dd0d5f7d97098a6c","hash":"774c5afcb2c76927645a2ed9ae2a1f5bad73b58b"}
}
