{"/home/pangestu/dev/backend/src/events.js": {"path":"/home/pangestu/dev/backend/src/events.js","statementMap":{"0":{"start":{"line":4,"column":12},"end":{"line":4,"column":30}},"1":{"start":{"line":6,"column":0},"end":{"line":8,"column":2}},"2":{"start":{"line":13,"column":2},"end":{"line":17,"column":5}},"3":{"start":{"line":23,"column":17},"end":{"line":23,"column":50}},"4":{"start":{"line":25,"column":0},"end":{"line":25,"column":58}},"5":{"start":{"line":28,"column":2},"end":{"line":39,"column":5}},"6":{"start":{"line":29,"column":17},"end":{"line":31,"column":5}},"7":{"start":{"line":32,"column":4},"end":{"line":38,"column":7}},"8":{"start":{"line":33,"column":6},"end":{"line":37,"column":7}},"9":{"start":{"line":34,"column":8},"end":{"line":34,"column":28}},"10":{"start":{"line":36,"column":8},"end":{"line":36,"column":20}},"11":{"start":{"line":43,"column":2},"end":{"line":84,"column":5}},"12":{"start":{"line":44,"column":13},"end":{"line":44,"column":22}},"13":{"start":{"line":45,"column":4},"end":{"line":83,"column":5}},"14":{"start":{"line":46,"column":19},"end":{"line":52,"column":7}},"15":{"start":{"line":53,"column":6},"end":{"line":61,"column":9}},"16":{"start":{"line":54,"column":8},"end":{"line":60,"column":9}},"17":{"start":{"line":56,"column":10},"end":{"line":56,"column":44}},"18":{"start":{"line":59,"column":10},"end":{"line":59,"column":22}},"19":{"start":{"line":63,"column":19},"end":{"line":73,"column":7}},"20":{"start":{"line":74,"column":6},"end":{"line":82,"column":9}},"21":{"start":{"line":75,"column":8},"end":{"line":81,"column":9}},"22":{"start":{"line":76,"column":10},"end":{"line":76,"column":51}},"23":{"start":{"line":77,"column":10},"end":{"line":77,"column":44}},"24":{"start":{"line":79,"column":10},"end":{"line":79,"column":27}},"25":{"start":{"line":80,"column":10},"end":{"line":80,"column":22}},"26":{"start":{"line":88,"column":2},"end":{"line":104,"column":5}},"27":{"start":{"line":89,"column":17},"end":{"line":94,"column":5}},"28":{"start":{"line":95,"column":4},"end":{"line":103,"column":7}},"29":{"start":{"line":96,"column":6},"end":{"line":102,"column":7}},"30":{"start":{"line":98,"column":8},"end":{"line":98,"column":35}},"31":{"start":{"line":101,"column":8},"end":{"line":101,"column":20}}},"fnMap":{"0":{"name":"getRawEvent","decl":{"start":{"line":27,"column":22},"end":{"line":27,"column":33}},"loc":{"start":{"line":27,"column":42},"end":{"line":40,"column":1}},"line":27},"1":{"name":"(anonymous_1)","decl":{"start":{"line":28,"column":21},"end":{"line":28,"column":22}},"loc":{"start":{"line":28,"column":42},"end":{"line":39,"column":3}},"line":28},"2":{"name":"(anonymous_2)","decl":{"start":{"line":32,"column":26},"end":{"line":32,"column":27}},"loc":{"start":{"line":32,"column":46},"end":{"line":38,"column":5}},"line":32},"3":{"name":"postEvent","decl":{"start":{"line":42,"column":22},"end":{"line":42,"column":31}},"loc":{"start":{"line":42,"column":40},"end":{"line":85,"column":1}},"line":42},"4":{"name":"(anonymous_4)","decl":{"start":{"line":43,"column":21},"end":{"line":43,"column":22}},"loc":{"start":{"line":43,"column":42},"end":{"line":84,"column":3}},"line":43},"5":{"name":"(anonymous_5)","decl":{"start":{"line":53,"column":27},"end":{"line":53,"column":28}},"loc":{"start":{"line":53,"column":47},"end":{"line":61,"column":7}},"line":53},"6":{"name":"(anonymous_6)","decl":{"start":{"line":74,"column":27},"end":{"line":74,"column":28}},"loc":{"start":{"line":74,"column":47},"end":{"line":82,"column":7}},"line":74},"7":{"name":"deleteRawEvent","decl":{"start":{"line":87,"column":22},"end":{"line":87,"column":36}},"loc":{"start":{"line":87,"column":45},"end":{"line":105,"column":1}},"line":87},"8":{"name":"(anonymous_8)","decl":{"start":{"line":88,"column":21},"end":{"line":88,"column":22}},"loc":{"start":{"line":88,"column":42},"end":{"line":104,"column":3}},"line":88},"9":{"name":"(anonymous_9)","decl":{"start":{"line":95,"column":28},"end":{"line":95,"column":29}},"loc":{"start":{"line":95,"column":48},"end":{"line":103,"column":5}},"line":95}},"branchMap":{"0":{"loc":{"start":{"line":33,"column":6},"end":{"line":37,"column":7}},"type":"if","locations":[{"start":{"line":33,"column":6},"end":{"line":37,"column":7}},{"start":{"line":33,"column":6},"end":{"line":37,"column":7}}],"line":33},"1":{"loc":{"start":{"line":45,"column":4},"end":{"line":83,"column":5}},"type":"if","locations":[{"start":{"line":45,"column":4},"end":{"line":83,"column":5}},{"start":{"line":45,"column":4},"end":{"line":83,"column":5}}],"line":45},"2":{"loc":{"start":{"line":54,"column":8},"end":{"line":60,"column":9}},"type":"if","locations":[{"start":{"line":54,"column":8},"end":{"line":60,"column":9}},{"start":{"line":54,"column":8},"end":{"line":60,"column":9}}],"line":54},"3":{"loc":{"start":{"line":75,"column":8},"end":{"line":81,"column":9}},"type":"if","locations":[{"start":{"line":75,"column":8},"end":{"line":81,"column":9}},{"start":{"line":75,"column":8},"end":{"line":81,"column":9}}],"line":75},"4":{"loc":{"start":{"line":96,"column":6},"end":{"line":102,"column":7}},"type":"if","locations":[{"start":{"line":96,"column":6},"end":{"line":102,"column":7}},{"start":{"line":96,"column":6},"end":{"line":102,"column":7}}],"line":96}},"s":{"0":2,"1":2,"2":2,"3":2,"4":2,"5":2,"6":2,"7":2,"8":0,"9":0,"10":0,"11":3,"12":3,"13":3,"14":0,"15":0,"16":0,"17":0,"18":0,"19":3,"20":3,"21":0,"22":0,"23":0,"24":0,"25":0,"26":0,"27":0,"28":0,"29":0,"30":0,"31":0},"f":{"0":2,"1":2,"2":0,"3":3,"4":3,"5":0,"6":0,"7":0,"8":0,"9":0},"b":{"0":[0,0],"1":[0,3],"2":[0,0],"3":[0,0],"4":[0,0]},"_coverageSchema":"332fd63041d2c1bcb487cc26dd0d5f7d97098a6c","hash":"89c8f932cbfbb4efe1059c4b3176537447c3fc1d"}
,"/home/pangestu/dev/backend/src/handler.js": {"path":"/home/pangestu/dev/backend/src/handler.js","statementMap":{"0":{"start":{"line":6,"column":0},"end":{"line":8,"column":2}},"1":{"start":{"line":23,"column":17},"end":{"line":23,"column":50}},"2":{"start":{"line":28,"column":0},"end":{"line":155,"column":2}},"3":{"start":{"line":29,"column":2},"end":{"line":29,"column":58}},"4":{"start":{"line":31,"column":2},"end":{"line":31,"column":40}},"5":{"start":{"line":32,"column":2},"end":{"line":154,"column":3}},"6":{"start":{"line":34,"column":6},"end":{"line":42,"column":11}},"7":{"start":{"line":37,"column":10},"end":{"line":37,"column":33}},"8":{"start":{"line":41,"column":10},"end":{"line":41,"column":24}},"9":{"start":{"line":44,"column":6},"end":{"line":44,"column":12}},"10":{"start":{"line":47,"column":6},"end":{"line":55,"column":11}},"11":{"start":{"line":50,"column":10},"end":{"line":50,"column":33}},"12":{"start":{"line":54,"column":10},"end":{"line":54,"column":24}},"13":{"start":{"line":57,"column":6},"end":{"line":57,"column":12}},"14":{"start":{"line":60,"column":6},"end":{"line":68,"column":11}},"15":{"start":{"line":63,"column":10},"end":{"line":63,"column":33}},"16":{"start":{"line":67,"column":10},"end":{"line":67,"column":24}},"17":{"start":{"line":70,"column":6},"end":{"line":70,"column":12}},"18":{"start":{"line":73,"column":6},"end":{"line":73,"column":53}},"19":{"start":{"line":74,"column":6},"end":{"line":82,"column":11}},"20":{"start":{"line":76,"column":10},"end":{"line":76,"column":57}},"21":{"start":{"line":77,"column":10},"end":{"line":77,"column":33}},"22":{"start":{"line":80,"column":10},"end":{"line":80,"column":44}},"23":{"start":{"line":81,"column":10},"end":{"line":81,"column":24}},"24":{"start":{"line":83,"column":6},"end":{"line":83,"column":12}},"25":{"start":{"line":86,"column":6},"end":{"line":86,"column":61}},"26":{"start":{"line":87,"column":6},"end":{"line":95,"column":11}},"27":{"start":{"line":89,"column":10},"end":{"line":89,"column":57}},"28":{"start":{"line":90,"column":10},"end":{"line":90,"column":33}},"29":{"start":{"line":93,"column":10},"end":{"line":93,"column":40}},"30":{"start":{"line":94,"column":10},"end":{"line":94,"column":24}},"31":{"start":{"line":96,"column":6},"end":{"line":96,"column":12}},"32":{"start":{"line":99,"column":6},"end":{"line":99,"column":61}},"33":{"start":{"line":100,"column":6},"end":{"line":108,"column":11}},"34":{"start":{"line":102,"column":10},"end":{"line":102,"column":57}},"35":{"start":{"line":103,"column":10},"end":{"line":103,"column":33}},"36":{"start":{"line":106,"column":10},"end":{"line":106,"column":40}},"37":{"start":{"line":107,"column":10},"end":{"line":107,"column":24}},"38":{"start":{"line":109,"column":6},"end":{"line":109,"column":12}},"39":{"start":{"line":112,"column":6},"end":{"line":112,"column":61}},"40":{"start":{"line":113,"column":6},"end":{"line":121,"column":11}},"41":{"start":{"line":115,"column":10},"end":{"line":115,"column":57}},"42":{"start":{"line":116,"column":10},"end":{"line":116,"column":33}},"43":{"start":{"line":119,"column":10},"end":{"line":119,"column":40}},"44":{"start":{"line":120,"column":10},"end":{"line":120,"column":24}},"45":{"start":{"line":122,"column":6},"end":{"line":122,"column":12}},"46":{"start":{"line":125,"column":6},"end":{"line":125,"column":70}},"47":{"start":{"line":126,"column":6},"end":{"line":134,"column":11}},"48":{"start":{"line":128,"column":10},"end":{"line":128,"column":57}},"49":{"start":{"line":129,"column":10},"end":{"line":129,"column":33}},"50":{"start":{"line":132,"column":10},"end":{"line":132,"column":40}},"51":{"start":{"line":133,"column":10},"end":{"line":133,"column":23}},"52":{"start":{"line":135,"column":6},"end":{"line":135,"column":12}},"53":{"start":{"line":138,"column":6},"end":{"line":138,"column":67}},"54":{"start":{"line":139,"column":6},"end":{"line":147,"column":11}},"55":{"start":{"line":141,"column":10},"end":{"line":141,"column":67}},"56":{"start":{"line":142,"column":10},"end":{"line":142,"column":33}},"57":{"start":{"line":145,"column":10},"end":{"line":145,"column":40}},"58":{"start":{"line":146,"column":10},"end":{"line":146,"column":23}},"59":{"start":{"line":148,"column":6},"end":{"line":148,"column":12}},"60":{"start":{"line":151,"column":6},"end":{"line":151,"column":72}},"61":{"start":{"line":152,"column":6},"end":{"line":152,"column":12}}},"fnMap":{"0":{"name":"(anonymous_0)","decl":{"start":{"line":28,"column":25},"end":{"line":28,"column":26}},"loc":{"start":{"line":28,"column":55},"end":{"line":155,"column":1}},"line":28},"1":{"name":"(anonymous_1)","decl":{"start":{"line":35,"column":14},"end":{"line":35,"column":15}},"loc":{"start":{"line":35,"column":24},"end":{"line":38,"column":9}},"line":35},"2":{"name":"(anonymous_2)","decl":{"start":{"line":39,"column":15},"end":{"line":39,"column":16}},"loc":{"start":{"line":39,"column":22},"end":{"line":42,"column":9}},"line":39},"3":{"name":"(anonymous_3)","decl":{"start":{"line":48,"column":14},"end":{"line":48,"column":15}},"loc":{"start":{"line":48,"column":24},"end":{"line":51,"column":9}},"line":48},"4":{"name":"(anonymous_4)","decl":{"start":{"line":52,"column":15},"end":{"line":52,"column":16}},"loc":{"start":{"line":52,"column":22},"end":{"line":55,"column":9}},"line":52},"5":{"name":"(anonymous_5)","decl":{"start":{"line":61,"column":14},"end":{"line":61,"column":15}},"loc":{"start":{"line":61,"column":24},"end":{"line":64,"column":9}},"line":61},"6":{"name":"(anonymous_6)","decl":{"start":{"line":65,"column":15},"end":{"line":65,"column":16}},"loc":{"start":{"line":65,"column":22},"end":{"line":68,"column":9}},"line":65},"7":{"name":"(anonymous_7)","decl":{"start":{"line":75,"column":14},"end":{"line":75,"column":15}},"loc":{"start":{"line":75,"column":24},"end":{"line":78,"column":9}},"line":75},"8":{"name":"(anonymous_8)","decl":{"start":{"line":79,"column":15},"end":{"line":79,"column":16}},"loc":{"start":{"line":79,"column":22},"end":{"line":82,"column":9}},"line":79},"9":{"name":"(anonymous_9)","decl":{"start":{"line":88,"column":14},"end":{"line":88,"column":15}},"loc":{"start":{"line":88,"column":24},"end":{"line":91,"column":9}},"line":88},"10":{"name":"(anonymous_10)","decl":{"start":{"line":92,"column":15},"end":{"line":92,"column":16}},"loc":{"start":{"line":92,"column":22},"end":{"line":95,"column":9}},"line":92},"11":{"name":"(anonymous_11)","decl":{"start":{"line":101,"column":14},"end":{"line":101,"column":15}},"loc":{"start":{"line":101,"column":24},"end":{"line":104,"column":9}},"line":101},"12":{"name":"(anonymous_12)","decl":{"start":{"line":105,"column":15},"end":{"line":105,"column":16}},"loc":{"start":{"line":105,"column":22},"end":{"line":108,"column":9}},"line":105},"13":{"name":"(anonymous_13)","decl":{"start":{"line":114,"column":14},"end":{"line":114,"column":15}},"loc":{"start":{"line":114,"column":24},"end":{"line":117,"column":9}},"line":114},"14":{"name":"(anonymous_14)","decl":{"start":{"line":118,"column":15},"end":{"line":118,"column":16}},"loc":{"start":{"line":118,"column":22},"end":{"line":121,"column":9}},"line":118},"15":{"name":"(anonymous_15)","decl":{"start":{"line":127,"column":14},"end":{"line":127,"column":15}},"loc":{"start":{"line":127,"column":24},"end":{"line":130,"column":9}},"line":127},"16":{"name":"(anonymous_16)","decl":{"start":{"line":131,"column":15},"end":{"line":131,"column":16}},"loc":{"start":{"line":131,"column":22},"end":{"line":134,"column":9}},"line":131},"17":{"name":"(anonymous_17)","decl":{"start":{"line":140,"column":14},"end":{"line":140,"column":15}},"loc":{"start":{"line":140,"column":24},"end":{"line":143,"column":9}},"line":140},"18":{"name":"(anonymous_18)","decl":{"start":{"line":144,"column":15},"end":{"line":144,"column":16}},"loc":{"start":{"line":144,"column":22},"end":{"line":147,"column":9}},"line":144}},"branchMap":{"0":{"loc":{"start":{"line":32,"column":2},"end":{"line":154,"column":3}},"type":"switch","locations":[{"start":{"line":33,"column":4},"end":{"line":45,"column":5}},{"start":{"line":46,"column":4},"end":{"line":58,"column":5}},{"start":{"line":59,"column":4},"end":{"line":71,"column":5}},{"start":{"line":72,"column":4},"end":{"line":84,"column":5}},{"start":{"line":85,"column":4},"end":{"line":97,"column":5}},{"start":{"line":98,"column":4},"end":{"line":110,"column":5}},{"start":{"line":111,"column":4},"end":{"line":123,"column":5}},{"start":{"line":124,"column":4},"end":{"line":136,"column":5}},{"start":{"line":137,"column":4},"end":{"line":149,"column":5}},{"start":{"line":150,"column":4},"end":{"line":153,"column":5}}],"line":32}},"s":{"0":1,"1":1,"2":1,"3":4,"4":4,"5":4,"6":1,"7":0,"8":0,"9":1,"10":2,"11":0,"12":0,"13":2,"14":0,"15":0,"16":0,"17":0,"18":0,"19":0,"20":0,"21":0,"22":0,"23":0,"24":0,"25":0,"26":0,"27":0,"28":0,"29":0,"30":0,"31":0,"32":0,"33":0,"34":0,"35":0,"36":0,"37":0,"38":0,"39":0,"40":0,"41":0,"42":0,"43":0,"44":0,"45":0,"46":0,"47":0,"48":0,"49":0,"50":0,"51":0,"52":0,"53":0,"54":0,"55":0,"56":0,"57":0,"58":0,"59":0,"60":1,"61":1},"f":{"0":4,"1":0,"2":0,"3":0,"4":0,"5":0,"6":0,"7":0,"8":0,"9":0,"10":0,"11":0,"12":0,"13":0,"14":0,"15":0,"16":0,"17":0,"18":0},"b":{"0":[1,2,0,0,0,0,0,0,0,1]},"_coverageSchema":"332fd63041d2c1bcb487cc26dd0d5f7d97098a6c","hash":"02952b61e2397eaf92c4aca6436ecc57cca64b1f"}
,"/home/pangestu/dev/backend/src/places.js": {"path":"/home/pangestu/dev/backend/src/places.js","statementMap":{"0":{"start":{"line":6,"column":0},"end":{"line":8,"column":2}},"1":{"start":{"line":24,"column":17},"end":{"line":24,"column":50}},"2":{"start":{"line":27,"column":2},"end":{"line":55,"column":5}},"3":{"start":{"line":28,"column":17},"end":{"line":33,"column":5}},"4":{"start":{"line":34,"column":4},"end":{"line":34,"column":43}},"5":{"start":{"line":35,"column":4},"end":{"line":54,"column":7}},"6":{"start":{"line":36,"column":6},"end":{"line":53,"column":7}},"7":{"start":{"line":37,"column":8},"end":{"line":37,"column":50}},"8":{"start":{"line":38,"column":8},"end":{"line":49,"column":10}},"9":{"start":{"line":46,"column":12},"end":{"line":46,"column":41}},"10":{"start":{"line":47,"column":12},"end":{"line":47,"column":30}},"11":{"start":{"line":51,"column":8},"end":{"line":51,"column":25}},"12":{"start":{"line":52,"column":8},"end":{"line":52,"column":20}},"13":{"start":{"line":58,"column":2},"end":{"line":58,"column":45}},"14":{"start":{"line":59,"column":2},"end":{"line":86,"column":5}},"15":{"start":{"line":60,"column":13},"end":{"line":60,"column":22}},"16":{"start":{"line":61,"column":17},"end":{"line":70,"column":5}},"17":{"start":{"line":71,"column":4},"end":{"line":85,"column":7}},"18":{"start":{"line":72,"column":6},"end":{"line":84,"column":7}},"19":{"start":{"line":73,"column":8},"end":{"line":73,"column":49}},"20":{"start":{"line":74,"column":8},"end":{"line":80,"column":11}},"21":{"start":{"line":82,"column":8},"end":{"line":82,"column":25}},"22":{"start":{"line":83,"column":8},"end":{"line":83,"column":20}},"23":{"start":{"line":89,"column":2},"end":{"line":89,"column":45}},"24":{"start":{"line":90,"column":2},"end":{"line":127,"column":5}},"25":{"start":{"line":91,"column":13},"end":{"line":91,"column":22}},"26":{"start":{"line":92,"column":17},"end":{"line":97,"column":5}},"27":{"start":{"line":98,"column":4},"end":{"line":126,"column":7}},"28":{"start":{"line":99,"column":6},"end":{"line":125,"column":7}},"29":{"start":{"line":100,"column":26},"end":{"line":114,"column":9}},"30":{"start":{"line":115,"column":8},"end":{"line":121,"column":11}},"31":{"start":{"line":116,"column":10},"end":{"line":120,"column":11}},"32":{"start":{"line":117,"column":12},"end":{"line":117,"column":28}},"33":{"start":{"line":119,"column":12},"end":{"line":119,"column":24}},"34":{"start":{"line":123,"column":8},"end":{"line":123,"column":25}},"35":{"start":{"line":124,"column":8},"end":{"line":124,"column":20}},"36":{"start":{"line":130,"column":2},"end":{"line":130,"column":45}},"37":{"start":{"line":131,"column":2},"end":{"line":149,"column":5}},"38":{"start":{"line":132,"column":19},"end":{"line":137,"column":5}},"39":{"start":{"line":138,"column":4},"end":{"line":148,"column":7}},"40":{"start":{"line":139,"column":6},"end":{"line":147,"column":7}},"41":{"start":{"line":140,"column":8},"end":{"line":140,"column":49}},"42":{"start":{"line":141,"column":8},"end":{"line":143,"column":11}},"43":{"start":{"line":145,"column":8},"end":{"line":145,"column":25}},"44":{"start":{"line":146,"column":8},"end":{"line":146,"column":20}},"45":{"start":{"line":152,"column":2},"end":{"line":178,"column":5}},"46":{"start":{"line":153,"column":17},"end":{"line":155,"column":5}},"47":{"start":{"line":156,"column":4},"end":{"line":177,"column":7}},"48":{"start":{"line":157,"column":6},"end":{"line":176,"column":7}},"49":{"start":{"line":158,"column":22},"end":{"line":158,"column":23}},"50":{"start":{"line":159,"column":8},"end":{"line":170,"column":10}},"51":{"start":{"line":160,"column":10},"end":{"line":168,"column":12}},"52":{"start":{"line":161,"column":12},"end":{"line":161,"column":21}},"53":{"start":{"line":162,"column":12},"end":{"line":164,"column":13}},"54":{"start":{"line":163,"column":15},"end":{"line":163,"column":42}},"55":{"start":{"line":165,"column":12},"end":{"line":167,"column":13}},"56":{"start":{"line":166,"column":14},"end":{"line":166,"column":34}},"57":{"start":{"line":171,"column":8},"end":{"line":171,"column":56}},"58":{"start":{"line":174,"column":8},"end":{"line":174,"column":25}},"59":{"start":{"line":175,"column":8},"end":{"line":175,"column":20}},"60":{"start":{"line":181,"column":2},"end":{"line":210,"column":5}},"61":{"start":{"line":182,"column":17},"end":{"line":184,"column":5}},"62":{"start":{"line":185,"column":4},"end":{"line":209,"column":7}},"63":{"start":{"line":186,"column":6},"end":{"line":208,"column":7}},"64":{"start":{"line":187,"column":22},"end":{"line":187,"column":23}},"65":{"start":{"line":188,"column":25},"end":{"line":190,"column":10}},"66":{"start":{"line":189,"column":10},"end":{"line":189,"column":40}},"67":{"start":{"line":191,"column":8},"end":{"line":202,"column":10}},"68":{"start":{"line":192,"column":10},"end":{"line":200,"column":12}},"69":{"start":{"line":193,"column":12},"end":{"line":193,"column":21}},"70":{"start":{"line":194,"column":12},"end":{"line":196,"column":13}},"71":{"start":{"line":195,"column":15},"end":{"line":195,"column":42}},"72":{"start":{"line":197,"column":12},"end":{"line":199,"column":13}},"73":{"start":{"line":198,"column":14},"end":{"line":198,"column":34}},"74":{"start":{"line":203,"column":8},"end":{"line":203,"column":56}},"75":{"start":{"line":206,"column":8},"end":{"line":206,"column":25}},"76":{"start":{"line":207,"column":8},"end":{"line":207,"column":20}}},"fnMap":{"0":{"name":"getRawPlace","decl":{"start":{"line":26,"column":22},"end":{"line":26,"column":33}},"loc":{"start":{"line":26,"column":42},"end":{"line":56,"column":1}},"line":26},"1":{"name":"(anonymous_1)","decl":{"start":{"line":27,"column":21},"end":{"line":27,"column":22}},"loc":{"start":{"line":27,"column":42},"end":{"line":55,"column":3}},"line":27},"2":{"name":"(anonymous_2)","decl":{"start":{"line":35,"column":26},"end":{"line":35,"column":27}},"loc":{"start":{"line":35,"column":46},"end":{"line":54,"column":5}},"line":35},"3":{"name":"(anonymous_3)","decl":{"start":{"line":45,"column":10},"end":{"line":45,"column":11}},"loc":{"start":{"line":45,"column":32},"end":{"line":48,"column":11}},"line":45},"4":{"name":"postPlace","decl":{"start":{"line":57,"column":22},"end":{"line":57,"column":31}},"loc":{"start":{"line":57,"column":40},"end":{"line":87,"column":1}},"line":57},"5":{"name":"(anonymous_5)","decl":{"start":{"line":59,"column":21},"end":{"line":59,"column":22}},"loc":{"start":{"line":59,"column":42},"end":{"line":86,"column":3}},"line":59},"6":{"name":"(anonymous_6)","decl":{"start":{"line":71,"column":25},"end":{"line":71,"column":26}},"loc":{"start":{"line":71,"column":45},"end":{"line":85,"column":5}},"line":71},"7":{"name":"updateRawPlace","decl":{"start":{"line":88,"column":22},"end":{"line":88,"column":36}},"loc":{"start":{"line":88,"column":45},"end":{"line":128,"column":1}},"line":88},"8":{"name":"(anonymous_8)","decl":{"start":{"line":90,"column":21},"end":{"line":90,"column":22}},"loc":{"start":{"line":90,"column":42},"end":{"line":127,"column":3}},"line":90},"9":{"name":"(anonymous_9)","decl":{"start":{"line":98,"column":25},"end":{"line":98,"column":26}},"loc":{"start":{"line":98,"column":45},"end":{"line":126,"column":5}},"line":98},"10":{"name":"(anonymous_10)","decl":{"start":{"line":115,"column":34},"end":{"line":115,"column":35}},"loc":{"start":{"line":115,"column":56},"end":{"line":121,"column":9}},"line":115},"11":{"name":"deleteRawPlace","decl":{"start":{"line":129,"column":22},"end":{"line":129,"column":36}},"loc":{"start":{"line":129,"column":45},"end":{"line":150,"column":1}},"line":129},"12":{"name":"(anonymous_12)","decl":{"start":{"line":131,"column":21},"end":{"line":131,"column":22}},"loc":{"start":{"line":131,"column":42},"end":{"line":149,"column":3}},"line":131},"13":{"name":"(anonymous_13)","decl":{"start":{"line":138,"column":28},"end":{"line":138,"column":29}},"loc":{"start":{"line":138,"column":48},"end":{"line":148,"column":5}},"line":138},"14":{"name":"getAllPlaceRawByEvenId","decl":{"start":{"line":151,"column":22},"end":{"line":151,"column":44}},"loc":{"start":{"line":151,"column":53},"end":{"line":179,"column":1}},"line":151},"15":{"name":"(anonymous_15)","decl":{"start":{"line":152,"column":21},"end":{"line":152,"column":22}},"loc":{"start":{"line":152,"column":42},"end":{"line":178,"column":3}},"line":152},"16":{"name":"(anonymous_16)","decl":{"start":{"line":156,"column":26},"end":{"line":156,"column":27}},"loc":{"start":{"line":156,"column":46},"end":{"line":177,"column":5}},"line":156},"17":{"name":"(anonymous_17)","decl":{"start":{"line":159,"column":27},"end":{"line":159,"column":28}},"loc":{"start":{"line":159,"column":37},"end":{"line":170,"column":9}},"line":159},"18":{"name":"(anonymous_18)","decl":{"start":{"line":160,"column":74},"end":{"line":160,"column":75}},"loc":{"start":{"line":160,"column":99},"end":{"line":168,"column":11}},"line":160},"19":{"name":"getAllRawPlaceByEventId","decl":{"start":{"line":180,"column":22},"end":{"line":180,"column":45}},"loc":{"start":{"line":180,"column":54},"end":{"line":211,"column":1}},"line":180},"20":{"name":"(anonymous_20)","decl":{"start":{"line":181,"column":21},"end":{"line":181,"column":22}},"loc":{"start":{"line":181,"column":42},"end":{"line":210,"column":3}},"line":181},"21":{"name":"(anonymous_21)","decl":{"start":{"line":185,"column":26},"end":{"line":185,"column":27}},"loc":{"start":{"line":185,"column":46},"end":{"line":209,"column":5}},"line":185},"22":{"name":"(anonymous_22)","decl":{"start":{"line":188,"column":43},"end":{"line":188,"column":44}},"loc":{"start":{"line":188,"column":51},"end":{"line":190,"column":9}},"line":188},"23":{"name":"(anonymous_23)","decl":{"start":{"line":191,"column":27},"end":{"line":191,"column":28}},"loc":{"start":{"line":191,"column":37},"end":{"line":202,"column":9}},"line":191},"24":{"name":"(anonymous_24)","decl":{"start":{"line":192,"column":74},"end":{"line":192,"column":75}},"loc":{"start":{"line":192,"column":99},"end":{"line":200,"column":11}},"line":192}},"branchMap":{"0":{"loc":{"start":{"line":36,"column":6},"end":{"line":53,"column":7}},"type":"if","locations":[{"start":{"line":36,"column":6},"end":{"line":53,"column":7}},{"start":{"line":36,"column":6},"end":{"line":53,"column":7}}],"line":36},"1":{"loc":{"start":{"line":72,"column":6},"end":{"line":84,"column":7}},"type":"if","locations":[{"start":{"line":72,"column":6},"end":{"line":84,"column":7}},{"start":{"line":72,"column":6},"end":{"line":84,"column":7}}],"line":72},"2":{"loc":{"start":{"line":99,"column":6},"end":{"line":125,"column":7}},"type":"if","locations":[{"start":{"line":99,"column":6},"end":{"line":125,"column":7}},{"start":{"line":99,"column":6},"end":{"line":125,"column":7}}],"line":99},"3":{"loc":{"start":{"line":108,"column":26},"end":{"line":108,"column":56}},"type":"binary-expr","locations":[{"start":{"line":108,"column":26},"end":{"line":108,"column":43}},{"start":{"line":108,"column":47},"end":{"line":108,"column":56}}],"line":108},"4":{"loc":{"start":{"line":109,"column":27},"end":{"line":109,"column":69}},"type":"binary-expr","locations":[{"start":{"line":109,"column":27},"end":{"line":109,"column":50}},{"start":{"line":109,"column":54},"end":{"line":109,"column":69}}],"line":109},"5":{"loc":{"start":{"line":110,"column":26},"end":{"line":110,"column":66}},"type":"binary-expr","locations":[{"start":{"line":110,"column":26},"end":{"line":110,"column":48}},{"start":{"line":110,"column":52},"end":{"line":110,"column":66}}],"line":110},"6":{"loc":{"start":{"line":111,"column":24},"end":{"line":111,"column":60}},"type":"binary-expr","locations":[{"start":{"line":111,"column":24},"end":{"line":111,"column":44}},{"start":{"line":111,"column":48},"end":{"line":111,"column":60}}],"line":111},"7":{"loc":{"start":{"line":116,"column":10},"end":{"line":120,"column":11}},"type":"if","locations":[{"start":{"line":116,"column":10},"end":{"line":120,"column":11}},{"start":{"line":116,"column":10},"end":{"line":120,"column":11}}],"line":116},"8":{"loc":{"start":{"line":139,"column":6},"end":{"line":147,"column":7}},"type":"if","locations":[{"start":{"line":139,"column":6},"end":{"line":147,"column":7}},{"start":{"line":139,"column":6},"end":{"line":147,"column":7}}],"line":139},"9":{"loc":{"start":{"line":157,"column":6},"end":{"line":176,"column":7}},"type":"if","locations":[{"start":{"line":157,"column":6},"end":{"line":176,"column":7}},{"start":{"line":157,"column":6},"end":{"line":176,"column":7}}],"line":157},"10":{"loc":{"start":{"line":162,"column":12},"end":{"line":164,"column":13}},"type":"if","locations":[{"start":{"line":162,"column":12},"end":{"line":164,"column":13}},{"start":{"line":162,"column":12},"end":{"line":164,"column":13}}],"line":162},"11":{"loc":{"start":{"line":165,"column":12},"end":{"line":167,"column":13}},"type":"if","locations":[{"start":{"line":165,"column":12},"end":{"line":167,"column":13}},{"start":{"line":165,"column":12},"end":{"line":167,"column":13}}],"line":165},"12":{"loc":{"start":{"line":186,"column":6},"end":{"line":208,"column":7}},"type":"if","locations":[{"start":{"line":186,"column":6},"end":{"line":208,"column":7}},{"start":{"line":186,"column":6},"end":{"line":208,"column":7}}],"line":186},"13":{"loc":{"start":{"line":194,"column":12},"end":{"line":196,"column":13}},"type":"if","locations":[{"start":{"line":194,"column":12},"end":{"line":196,"column":13}},{"start":{"line":194,"column":12},"end":{"line":196,"column":13}}],"line":194},"14":{"loc":{"start":{"line":197,"column":12},"end":{"line":199,"column":13}},"type":"if","locations":[{"start":{"line":197,"column":12},"end":{"line":199,"column":13}},{"start":{"line":197,"column":12},"end":{"line":199,"column":13}}],"line":197}},"s":{"0":1,"1":1,"2":0,"3":0,"4":0,"5":0,"6":0,"7":0,"8":0,"9":0,"10":0,"11":0,"12":0,"13":0,"14":0,"15":0,"16":0,"17":0,"18":0,"19":0,"20":0,"21":0,"22":0,"23":0,"24":0,"25":0,"26":0,"27":0,"28":0,"29":0,"30":0,"31":0,"32":0,"33":0,"34":0,"35":0,"36":0,"37":0,"38":0,"39":0,"40":0,"41":0,"42":0,"43":0,"44":0,"45":0,"46":0,"47":0,"48":0,"49":0,"50":0,"51":0,"52":0,"53":0,"54":0,"55":0,"56":0,"57":0,"58":0,"59":0,"60":0,"61":0,"62":0,"63":0,"64":0,"65":0,"66":0,"67":0,"68":0,"69":0,"70":0,"71":0,"72":0,"73":0,"74":0,"75":0,"76":0},"f":{"0":0,"1":0,"2":0,"3":0,"4":0,"5":0,"6":0,"7":0,"8":0,"9":0,"10":0,"11":0,"12":0,"13":0,"14":0,"15":0,"16":0,"17":0,"18":0,"19":0,"20":0,"21":0,"22":0,"23":0,"24":0},"b":{"0":[0,0],"1":[0,0],"2":[0,0],"3":[0,0],"4":[0,0],"5":[0,0],"6":[0,0],"7":[0,0],"8":[0,0],"9":[0,0],"10":[0,0],"11":[0,0],"12":[0,0],"13":[0,0],"14":[0,0]},"_coverageSchema":"332fd63041d2c1bcb487cc26dd0d5f7d97098a6c","hash":"4d512a667555823e31704e2cfecf1bdcf900c228"}
}
