TN:
SF:/home/pangestu/dev/backend/src/events.js
FN:27,getRawEvent
FN:28,(anonymous_1)
FN:32,(anonymous_2)
FN:42,postEvent
FN:43,(anonymous_4)
FN:53,(anonymous_5)
FN:74,(anonymous_6)
FN:87,deleteRawEvent
FN:88,(anonymous_8)
FN:95,(anonymous_9)
FNF:10
FNH:4
FNDA:2,getRawEvent
FNDA:2,(anonymous_1)
FNDA:0,(anonymous_2)
FNDA:3,postEvent
FNDA:3,(anonymous_4)
FNDA:0,(anonymous_5)
FNDA:0,(anonymous_6)
FNDA:0,deleteRawEvent
FNDA:0,(anonymous_8)
FNDA:0,(anonymous_9)
DA:4,2
DA:6,2
DA:13,2
DA:23,2
DA:25,2
DA:28,2
DA:29,2
DA:32,2
DA:33,0
DA:34,0
DA:36,0
DA:43,3
DA:44,3
DA:45,3
DA:46,0
DA:53,0
DA:54,0
DA:56,0
DA:59,0
DA:63,3
DA:74,3
DA:75,0
DA:76,0
DA:77,0
DA:79,0
DA:80,0
DA:88,0
DA:89,0
DA:95,0
DA:96,0
DA:98,0
DA:101,0
LF:32
LH:13
BRDA:33,0,0,0
BRDA:33,0,1,0
BRDA:45,1,0,0
BRDA:45,1,1,3
BRDA:54,2,0,0
BRDA:54,2,1,0
BRDA:75,3,0,0
BRDA:75,3,1,0
BRDA:96,4,0,0
BRDA:96,4,1,0
BRF:10
BRH:1
end_of_record
TN:
SF:/home/pangestu/dev/backend/src/handler.js
FN:28,(anonymous_0)
FN:35,(anonymous_1)
FN:39,(anonymous_2)
FN:48,(anonymous_3)
FN:52,(anonymous_4)
FN:61,(anonymous_5)
FN:65,(anonymous_6)
FN:75,(anonymous_7)
FN:79,(anonymous_8)
FN:88,(anonymous_9)
FN:92,(anonymous_10)
FN:101,(anonymous_11)
FN:105,(anonymous_12)
FN:114,(anonymous_13)
FN:118,(anonymous_14)
FN:127,(anonymous_15)
FN:131,(anonymous_16)
FN:140,(anonymous_17)
FN:144,(anonymous_18)
FNF:19
FNH:1
FNDA:4,(anonymous_0)
FNDA:0,(anonymous_1)
FNDA:0,(anonymous_2)
FNDA:0,(anonymous_3)
FNDA:0,(anonymous_4)
FNDA:0,(anonymous_5)
FNDA:0,(anonymous_6)
FNDA:0,(anonymous_7)
FNDA:0,(anonymous_8)
FNDA:0,(anonymous_9)
FNDA:0,(anonymous_10)
FNDA:0,(anonymous_11)
FNDA:0,(anonymous_12)
FNDA:0,(anonymous_13)
FNDA:0,(anonymous_14)
FNDA:0,(anonymous_15)
FNDA:0,(anonymous_16)
FNDA:0,(anonymous_17)
FNDA:0,(anonymous_18)
DA:6,1
DA:23,1
DA:28,1
DA:29,4
DA:31,4
DA:32,4
DA:34,1
DA:37,0
DA:41,0
DA:44,1
DA:47,2
DA:50,0
DA:54,0
DA:57,2
DA:60,0
DA:63,0
DA:67,0
DA:70,0
DA:73,0
DA:74,0
DA:76,0
DA:77,0
DA:80,0
DA:81,0
DA:83,0
DA:86,0
DA:87,0
DA:89,0
DA:90,0
DA:93,0
DA:94,0
DA:96,0
DA:99,0
DA:100,0
DA:102,0
DA:103,0
DA:106,0
DA:107,0
DA:109,0
DA:112,0
DA:113,0
DA:115,0
DA:116,0
DA:119,0
DA:120,0
DA:122,0
DA:125,0
DA:126,0
DA:128,0
DA:129,0
DA:132,0
DA:133,0
DA:135,0
DA:138,0
DA:139,0
DA:141,0
DA:142,0
DA:145,0
DA:146,0
DA:148,0
DA:151,1
DA:152,1
LF:62
LH:12
BRDA:32,0,0,1
BRDA:32,0,1,2
BRDA:32,0,2,0
BRDA:32,0,3,0
BRDA:32,0,4,0
BRDA:32,0,5,0
BRDA:32,0,6,0
BRDA:32,0,7,0
BRDA:32,0,8,0
BRDA:32,0,9,1
BRF:10
BRH:3
end_of_record
TN:
SF:/home/pangestu/dev/backend/src/places.js
FN:26,getRawPlace
FN:27,(anonymous_1)
FN:35,(anonymous_2)
FN:45,(anonymous_3)
FN:57,postPlace
FN:59,(anonymous_5)
FN:71,(anonymous_6)
FN:88,updateRawPlace
FN:90,(anonymous_8)
FN:98,(anonymous_9)
FN:115,(anonymous_10)
FN:129,deleteRawPlace
FN:131,(anonymous_12)
FN:138,(anonymous_13)
FN:151,getAllPlaceRawByEvenId
FN:152,(anonymous_15)
FN:156,(anonymous_16)
FN:159,(anonymous_17)
FN:160,(anonymous_18)
FN:180,getAllRawPlaceByEventId
FN:181,(anonymous_20)
FN:185,(anonymous_21)
FN:188,(anonymous_22)
FN:191,(anonymous_23)
FN:192,(anonymous_24)
FNF:25
FNH:0
FNDA:0,getRawPlace
FNDA:0,(anonymous_1)
FNDA:0,(anonymous_2)
FNDA:0,(anonymous_3)
FNDA:0,postPlace
FNDA:0,(anonymous_5)
FNDA:0,(anonymous_6)
FNDA:0,updateRawPlace
FNDA:0,(anonymous_8)
FNDA:0,(anonymous_9)
FNDA:0,(anonymous_10)
FNDA:0,deleteRawPlace
FNDA:0,(anonymous_12)
FNDA:0,(anonymous_13)
FNDA:0,getAllPlaceRawByEvenId
FNDA:0,(anonymous_15)
FNDA:0,(anonymous_16)
FNDA:0,(anonymous_17)
FNDA:0,(anonymous_18)
FNDA:0,getAllRawPlaceByEventId
FNDA:0,(anonymous_20)
FNDA:0,(anonymous_21)
FNDA:0,(anonymous_22)
FNDA:0,(anonymous_23)
FNDA:0,(anonymous_24)
DA:6,1
DA:24,1
DA:27,0
DA:28,0
DA:34,0
DA:35,0
DA:36,0
DA:37,0
DA:38,0
DA:46,0
DA:47,0
DA:51,0
DA:52,0
DA:58,0
DA:59,0
DA:60,0
DA:61,0
DA:71,0
DA:72,0
DA:73,0
DA:74,0
DA:82,0
DA:83,0
DA:89,0
DA:90,0
DA:91,0
DA:92,0
DA:98,0
DA:99,0
DA:100,0
DA:115,0
DA:116,0
DA:117,0
DA:119,0
DA:123,0
DA:124,0
DA:130,0
DA:131,0
DA:132,0
DA:138,0
DA:139,0
DA:140,0
DA:141,0
DA:145,0
DA:146,0
DA:152,0
DA:153,0
DA:156,0
DA:157,0
DA:158,0
DA:159,0
DA:160,0
DA:161,0
DA:162,0
DA:163,0
DA:165,0
DA:166,0
DA:171,0
DA:174,0
DA:175,0
DA:181,0
DA:182,0
DA:185,0
DA:186,0
DA:187,0
DA:188,0
DA:189,0
DA:191,0
DA:192,0
DA:193,0
DA:194,0
DA:195,0
DA:197,0
DA:198,0
DA:203,0
DA:206,0
DA:207,0
LF:77
LH:2
BRDA:36,0,0,0
BRDA:36,0,1,0
BRDA:72,1,0,0
BRDA:72,1,1,0
BRDA:99,2,0,0
BRDA:99,2,1,0
BRDA:108,3,0,0
BRDA:108,3,1,0
BRDA:109,4,0,0
BRDA:109,4,1,0
BRDA:110,5,0,0
BRDA:110,5,1,0
BRDA:111,6,0,0
BRDA:111,6,1,0
BRDA:116,7,0,0
BRDA:116,7,1,0
BRDA:139,8,0,0
BRDA:139,8,1,0
BRDA:157,9,0,0
BRDA:157,9,1,0
BRDA:162,10,0,0
BRDA:162,10,1,0
BRDA:165,11,0,0
BRDA:165,11,1,0
BRDA:186,12,0,0
BRDA:186,12,1,0
BRDA:194,13,0,0
BRDA:194,13,1,0
BRDA:197,14,0,0
BRDA:197,14,1,0
BRF:30
BRH:0
end_of_record
