TN:
SF:/home/pangestu/dev/backend/src/events.js
FN:15,getRawEvent
FN:16,(anonymous_1)
FN:20,(anonymous_2)
FN:32,postEvent
FN:33,(anonymous_4)
FN:42,(anonymous_5)
FNF:6
FNH:3
FNDA:1,getRawEvent
FNDA:1,(anonymous_1)
FNDA:1,(anonymous_2)
FNDA:0,postEvent
FNDA:0,(anonymous_4)
FNDA:0,(anonymous_5)
DA:6,1
DA:11,1
DA:13,1
DA:16,1
DA:17,1
DA:20,1
DA:21,1
DA:22,0
DA:23,0
DA:25,1
DA:26,1
DA:33,0
DA:34,0
DA:35,0
DA:42,0
DA:43,0
DA:44,0
DA:45,0
DA:47,0
DA:48,0
LF:20
LH:9
BRDA:21,0,0,0
BRDA:21,0,1,1
BRDA:43,1,0,0
BRDA:43,1,1,0
BRF:4
BRH:1
end_of_record
TN:
SF:/home/pangestu/dev/backend/src/handler.js
FN:15,(anonymous_0)
FN:23,(anonymous_1)
FN:27,(anonymous_2)
FN:37,(anonymous_3)
FN:41,(anonymous_4)
FN:51,(anonymous_5)
FN:55,(anonymous_6)
FN:64,(anonymous_7)
FN:68,(anonymous_8)
FN:77,(anonymous_9)
FN:81,(anonymous_10)
FN:90,(anonymous_11)
FN:94,(anonymous_12)
FN:103,(anonymous_13)
FN:107,(anonymous_14)
FN:116,(anonymous_15)
FN:120,(anonymous_16)
FNF:17
FNH:2
FNDA:1,(anonymous_0)
FNDA:0,(anonymous_1)
FNDA:1,(anonymous_2)
FNDA:0,(anonymous_3)
FNDA:0,(anonymous_4)
FNDA:0,(anonymous_5)
FNDA:0,(anonymous_6)
FNDA:0,(anonymous_7)
FNDA:0,(anonymous_8)
FNDA:0,(anonymous_9)
FNDA:0,(anonymous_10)
FNDA:0,(anonymous_11)
FNDA:0,(anonymous_12)
FNDA:0,(anonymous_13)
FNDA:0,(anonymous_14)
FNDA:0,(anonymous_15)
FNDA:0,(anonymous_16)
DA:6,1
DA:10,1
DA:15,1
DA:16,1
DA:18,1
DA:19,1
DA:21,1
DA:22,1
DA:24,0
DA:25,0
DA:28,1
DA:29,1
DA:32,1
DA:35,0
DA:36,0
DA:38,0
DA:39,0
DA:42,0
DA:43,0
DA:46,0
DA:49,0
DA:50,0
DA:52,0
DA:53,0
DA:56,0
DA:57,0
DA:59,0
DA:62,0
DA:63,0
DA:65,0
DA:66,0
DA:69,0
DA:70,0
DA:72,0
DA:75,0
DA:76,0
DA:78,0
DA:79,0
DA:82,0
DA:83,0
DA:85,0
DA:88,0
DA:89,0
DA:91,0
DA:92,0
DA:95,0
DA:96,0
DA:98,0
DA:101,0
DA:102,0
DA:104,0
DA:105,0
DA:108,0
DA:109,0
DA:111,0
DA:114,0
DA:115,0
DA:117,0
DA:118,0
DA:121,0
DA:122,0
DA:124,0
DA:127,0
DA:128,0
LF:64
LH:11
BRDA:19,0,0,1
BRDA:19,0,1,0
BRDA:19,0,2,0
BRDA:19,0,3,0
BRDA:19,0,4,0
BRDA:19,0,5,0
BRDA:19,0,6,0
BRDA:19,0,7,0
BRDA:19,0,8,0
BRF:9
BRH:1
end_of_record
TN:
SF:/home/pangestu/dev/backend/src/places.js
FN:12,getRawPlace
FN:13,(anonymous_1)
FN:20,(anonymous_2)
FN:30,(anonymous_3)
FN:42,postPlace
FN:44,(anonymous_5)
FN:56,(anonymous_6)
FN:73,updateRawPlace
FN:75,(anonymous_8)
FN:83,(anonymous_9)
FN:100,(anonymous_10)
FN:114,deleteRawPlace
FN:116,(anonymous_12)
FN:123,(anonymous_13)
FN:136,getAllPlaceRawByEvenId
FN:137,(anonymous_15)
FN:141,(anonymous_16)
FN:144,(anonymous_17)
FN:145,(anonymous_18)
FN:165,getAllRawPlaceByEventId
FN:166,(anonymous_20)
FN:170,(anonymous_21)
FN:173,(anonymous_22)
FN:176,(anonymous_23)
FN:177,(anonymous_24)
FNF:25
FNH:0
FNDA:0,getRawPlace
FNDA:0,(anonymous_1)
FNDA:0,(anonymous_2)
FNDA:0,(anonymous_3)
FNDA:0,postPlace
FNDA:0,(anonymous_5)
FNDA:0,(anonymous_6)
FNDA:0,updateRawPlace
FNDA:0,(anonymous_8)
FNDA:0,(anonymous_9)
FNDA:0,(anonymous_10)
FNDA:0,deleteRawPlace
FNDA:0,(anonymous_12)
FNDA:0,(anonymous_13)
FNDA:0,getAllPlaceRawByEvenId
FNDA:0,(anonymous_15)
FNDA:0,(anonymous_16)
FNDA:0,(anonymous_17)
FNDA:0,(anonymous_18)
FNDA:0,getAllRawPlaceByEventId
FNDA:0,(anonymous_20)
FNDA:0,(anonymous_21)
FNDA:0,(anonymous_22)
FNDA:0,(anonymous_23)
FNDA:0,(anonymous_24)
DA:6,1
DA:10,1
DA:13,0
DA:14,0
DA:20,0
DA:21,0
DA:22,0
DA:23,0
DA:31,0
DA:32,0
DA:36,0
DA:37,0
DA:43,0
DA:44,0
DA:45,0
DA:46,0
DA:56,0
DA:57,0
DA:58,0
DA:59,0
DA:67,0
DA:68,0
DA:74,0
DA:75,0
DA:76,0
DA:77,0
DA:83,0
DA:84,0
DA:85,0
DA:100,0
DA:101,0
DA:102,0
DA:104,0
DA:108,0
DA:109,0
DA:115,0
DA:116,0
DA:117,0
DA:123,0
DA:124,0
DA:125,0
DA:126,0
DA:130,0
DA:131,0
DA:137,0
DA:138,0
DA:141,0
DA:142,0
DA:143,0
DA:144,0
DA:145,0
DA:146,0
DA:147,0
DA:148,0
DA:150,0
DA:151,0
DA:156,0
DA:159,0
DA:160,0
DA:166,0
DA:167,0
DA:170,0
DA:171,0
DA:172,0
DA:173,0
DA:174,0
DA:176,0
DA:177,0
DA:178,0
DA:179,0
DA:180,0
DA:182,0
DA:183,0
DA:188,0
DA:191,0
DA:192,0
LF:76
LH:2
BRDA:21,0,0,0
BRDA:21,0,1,0
BRDA:57,1,0,0
BRDA:57,1,1,0
BRDA:84,2,0,0
BRDA:84,2,1,0
BRDA:93,3,0,0
BRDA:93,3,1,0
BRDA:94,4,0,0
BRDA:94,4,1,0
BRDA:95,5,0,0
BRDA:95,5,1,0
BRDA:96,6,0,0
BRDA:96,6,1,0
BRDA:101,7,0,0
BRDA:101,7,1,0
BRDA:124,8,0,0
BRDA:124,8,1,0
BRDA:142,9,0,0
BRDA:142,9,1,0
BRDA:147,10,0,0
BRDA:147,10,1,0
BRDA:150,11,0,0
BRDA:150,11,1,0
BRDA:171,12,0,0
BRDA:171,12,1,0
BRDA:179,13,0,0
BRDA:179,13,1,0
BRDA:182,14,0,0
BRDA:182,14,1,0
BRF:30
BRH:0
end_of_record
